<?xml version="1.0" encoding="UTF-8"?>
<testsuite xmlns:xsi="http://www.w3.org/2001/XMLSchema-instance" xsi:noNamespaceSchemaLocation="https://maven.apache.org/surefire/maven-surefire-plugin/xsd/surefire-test-report.xsd" name="com.wit.calculator.service.CalculatorServiceTest" time="0.153" tests="9" errors="0" skipped="0" failures="0">
  <properties>
[...]
</properties>
  <testcase name="shouldSum" classname="com.wit.calculator.service.CalculatorServiceTest" time="0.012"/>
  <testcase name="shouldFailSubract" classname="com.wit.calculator.service.CalculatorServiceTest" time="0.008"/>
  <testcase name="shouldSubract" classname="com.wit.calculator.service.CalculatorServiceTest" time="0.009"/>
  <testcase name="shouldFailDivide" classname="com.wit.calculator.service.CalculatorServiceTest" time="0.009"/>
  <testcase name="shouldDivide" classname="com.wit.calculator.service.CalculatorServiceTest" time="0.004"/>
  <testcase name="shouldFailSum" classname="com.wit.calculator.service.CalculatorServiceTest" time="0.005"/>
  <testcase name="shouldFailMultiply" classname="com.wit.calculator.service.CalculatorServiceTest" time="0.007"/>
  <testcase name="shouldMultiply" classname="com.wit.calculator.service.CalculatorServiceTest" time="0.005"/>
  <testcase name="shouldFailDivideSecondOperandZero" classname="com.wit.calculator.service.CalculatorServiceTest" time="0.024"/>
</testsuite>